Log printed
Log printed
2019-07-08 05:38:15.1562564295,222,57,-56,-32.9386,-36.5,32
2019-07-08 05:38:15.1562564295,333,52,-63,-35.7885,-38.75,30.5
2019-07-08 05:39:15.1562564355,222,60,-57.5,-34.9583,-34,-10.5
2019-07-08 05:39:15.1562564355,333,60,-113.5,-45.0333,-45.25,-21
2019-07-08 05:40:15.1562564415,222,60,-60.5,-37.9833,-41,2.5
2019-07-08 05:40:15.1562564415,333,60,-106,-36.725,-36.25,-11
2019-07-08 05:41:15.1562564475,222,60,-57.5,-34.95,-40.25,-2.5
2019-07-08 05:41:15.1562564475,333,60,-94,-33.9667,-34.25,-9
2019-07-08 05:42:15.1562564535,222,60,-53,-30.625,-30.75,-2.5
2019-07-08 05:42:15.1562564535,333,60,-54,-30.7833,-31.75,-2
2019-07-08 05:43:15.1562564595,222,60,-54,-33.0833,-34,9
2019-07-08 05:43:15.1562564595,333,60,-54.5,-31.5083,-32.5,20
2019-07-08 05:44:15.1562564655,222,60,-58,-34.8083,-33,-11
2019-07-08 05:44:15.1562564655,333,60,-60.5,-38.8083,-37.5,-12.5
2019-07-08 05:45:15.1562564715,222,60,-90,-34.3,-35.25,10
2019-07-08 05:45:15.1562564715,333,60,-56,-31.725,-30.25,-5
2019-07-08 05:46:15.1562564775,222,60,-53,-28.6583,-30.5,28
2019-07-08 05:46:15.1562564775,333,60,-99.5,-33.6583,-29.25,2.5
2019-07-08 05:47:15.1562564835,222,60,-55.5,-28.5917,-27.25,-5
2019-07-08 05:47:15.1562564835,333,60,-129.5,-33.7417,-33,-4
2019-07-08 05:48:15.1562564895,222,60,-59.5,-28.9583,-31.75,13
2019-07-08 05:48:15.1562564895,333,60,-52.5,-24.5417,-25.5,4
2019-07-08 05:49:15.1562564955,222,60,-52,-29.15,-30.25,6.5
2019-07-08 05:49:15.1562564955,333,60,-57.5,-32.1833,-31,-6.5
Log printed
2019-07-08 06:02:51.1562565771,222,10,-35.5,-27.7,-31.25,-16
2019-07-08 06:03:01.1562565781,222,10,-49.5,-33.65,-32,-23.5
2019-07-08 06:03:11.1562565791,222,10,-52.5,-40.7,-39.75,-29.5
2019-07-08 06:03:21.1562565801,222,10,-49,-36.45,-36.5,-24.5
Log printed
Log printed
